<?xml version="1.0" encoding="UTF-8"?>
<!-- Generated by org.testng.reporters.JUnitXMLReporter -->
<testsuite ignored="1" hostname="DESKTOP-CBAH624" failures="0" tests="1" name="Default test" time="18.264" errors="0" timestamp="26 Nov 2024 16:30:46 GMT">
  <testcase classname="com.OrangeHRM.TestCases.DashBoardTest" name="panelListCheck" time="2.277"/>
  <testcase classname="com.OrangeHRM.TestCases.DashBoardTest" name="PanelLinkChecks" time="0.0">
    <ignored/>
  </testcase> <!-- PanelLinkChecks -->
</testsuite> <!-- Default test -->
